<?xml version="1.0" encoding="UTF-8"?>
<!-- Generated by org.testng.reporters.JUnitReportReporter -->
<testsuite hostname="UKLONDLP66" failures="0" tests="4" name="Jupitertoys.JupiterToysApplication" time="69.852" errors="0" timestamp="2020-02-28T12:35:32 GMT" skipped="0">
  <testcase classname="Jupitertoys.JupiterToysApplication" name="loginJupiterToys" time="17.719"/>
  <testcase classname="Jupitertoys.JupiterToysApplication" name="contactJupiterToys" time="20.846"/>
  <testcase classname="Jupitertoys.JupiterToysApplication" name="ShopJupiterToys" time="18.807"/>
  <testcase classname="Jupitertoys.JupiterToysApplication" name="invalidLoginJupiterToys" time="12.480"/>
</testsuite> <!-- Jupitertoys.JupiterToysApplication -->
